<?xml version="1.0" encoding="UTF-8"?>
<!-- Generated by org.testng.reporters.JUnitReportReporter -->
<testsuite hostname="DESKTOP-G82DJC0" failures="0" tests="1" name="restAssured.Demo1_get" time="8.498" errors="0" timestamp="2022-06-03T00:22:23 IST" skipped="0">
  <testcase classname="restAssured.Demo1_get" name="getWeatherDetails" time="8.498"/>
  <system-out/>
</testsuite> <!-- restAssured.Demo1_get -->
